  [4;36;1mSQL (0.2ms)[0m   [0;1mSET NAMES 'utf8'[0m
  [4;35;1mSQL (0.2ms)[0m   [0mSET SQL_AUTO_IS_NULL=0[0m
  [4;36;1mSQL (28.6ms)[0m   [0;1mCREATE DATABASE `test_development` DEFAULT CHARACTER SET `utf8` COLLATE `utf8_general_ci`[0m
  [4;36;1mSQL (0.2ms)[0m   [0;1mSET NAMES 'utf8'[0m
  [4;35;1mSQL (0.2ms)[0m   [0mSET SQL_AUTO_IS_NULL=0[0m
  [4;36;1mSQL (0.4ms)[0m   [0;1mSHOW TABLES[0m
  [4;35;1mSQL (5.1ms)[0m   [0mCREATE TABLE `schema_migrations` (`version` varchar(255) NOT NULL) ENGINE=InnoDB[0m
  [4;36;1mSQL (8.1ms)[0m   [0;1mCREATE UNIQUE INDEX `unique_schema_migrations` ON `schema_migrations` (`version`)[0m
  [4;35;1mSQL (0.4ms)[0m   [0mSHOW TABLES[0m
  [4;36;1mSQL (0.4ms)[0m   [0;1mSHOW TABLES[0m
  [4;35;1mSQL (0.6ms)[0m   [0mSELECT version FROM schema_migrations[0m
  [4;36;1mSQL (0.4ms)[0m   [0;1mSHOW TABLES[0m
  [4;36;1mSQL (0.2ms)[0m   [0;1mSET NAMES 'utf8'[0m
  [4;35;1mSQL (0.2ms)[0m   [0mSET SQL_AUTO_IS_NULL=0[0m
  [4;36;1mSQL (0.4ms)[0m   [0;1mSHOW TABLES[0m
  [4;35;1mSQL (0.2ms)[0m   [0mSELECT version FROM schema_migrations[0m
Migrating to CreateUsers (20091231021308)
  [4;36;1mSQL (5.5ms)[0m   [0;1mCREATE TABLE `users` (`id` int(11) DEFAULT NULL auto_increment PRIMARY KEY, `created_at` datetime, `updated_at` datetime) ENGINE=InnoDB[0m
  [4;35;1mSQL (0.7ms)[0m   [0mINSERT INTO schema_migrations (version) VALUES ('20091231021308')[0m
  [4;36;1mSQL (0.5ms)[0m   [0;1mSHOW TABLES[0m
  [4;35;1mSQL (0.4ms)[0m   [0mSELECT version FROM schema_migrations[0m
  [4;36;1mSQL (0.4ms)[0m   [0;1mSHOW TABLES[0m
  [4;35;1mSQL (1.1ms)[0m   [0mSHOW FIELDS FROM `users`[0m
  [4;36;1mSQL (1.1ms)[0m   [0;1mdescribe `users`[0m
  [4;35;1mSQL (0.6ms)[0m   [0mSHOW KEYS FROM `users`[0m
  [4;36;1mSQL (0.2ms)[0m   [0;1mSET NAMES 'utf8'[0m
  [4;35;1mSQL (0.2ms)[0m   [0mSET SQL_AUTO_IS_NULL=0[0m
  [4;36;1mSQL (0.5ms)[0m   [0;1mSHOW TABLES[0m
  [4;35;1mSQL (0.2ms)[0m   [0mSELECT version FROM schema_migrations[0m
Migrating to CreateUsers (20091231021308)
Migrating to AddAttachmentsImageToUser (20091231021423)
  [4;36;1mSQL (9.2ms)[0m   [0;1mALTER TABLE `users` ADD `image_file_name` varchar(255)[0m
  [4;35;1mSQL (7.9ms)[0m   [0mALTER TABLE `users` ADD `image_content_type` varchar(255)[0m
  [4;36;1mSQL (8.3ms)[0m   [0;1mALTER TABLE `users` ADD `image_file_size` int(11)[0m
  [4;35;1mSQL (6.7ms)[0m   [0mALTER TABLE `users` ADD `image_updated_at` datetime[0m
  [4;36;1mSQL (0.8ms)[0m   [0;1mINSERT INTO schema_migrations (version) VALUES ('20091231021423')[0m
  [4;35;1mSQL (1.0ms)[0m   [0mSHOW TABLES[0m
  [4;36;1mSQL (0.4ms)[0m   [0;1mSELECT version FROM schema_migrations[0m
  [4;35;1mSQL (0.4ms)[0m   [0mSHOW TABLES[0m
  [4;36;1mSQL (1.3ms)[0m   [0;1mSHOW FIELDS FROM `users`[0m
  [4;35;1mSQL (1.2ms)[0m   [0mdescribe `users`[0m
  [4;36;1mSQL (0.5ms)[0m   [0;1mSHOW KEYS FROM `users`[0m


Processing Rails::InfoController#properties (for 127.0.0.1 at 2009-12-31 10:15:49) [GET]
  [4;36;1mSQL (0.4ms)[0m   [0;1mSET NAMES 'utf8'[0m
  [4;35;1mSQL (0.3ms)[0m   [0mSET SQL_AUTO_IS_NULL=0[0m
  [4;36;1mSQL (1.1ms)[0m   [0;1mSHOW TABLES[0m
  [4;35;1mSQL (0.3ms)[0m   [0mSELECT version FROM schema_migrations[0m
Completed in 54ms (View: 4, DB: 2) | 200 OK [http://localhost/rails/info/properties]


Processing UsersController#new (for 127.0.0.1 at 2009-12-31 10:15:54) [GET]
  [4;36;1mSQL (0.4ms)[0m   [0;1mSET NAMES 'utf8'[0m
  [4;35;1mSQL (0.5ms)[0m   [0mSET SQL_AUTO_IS_NULL=0[0m
  [4;36;1mUser Columns (4.0ms)[0m   [0;1mSHOW FIELDS FROM `users`[0m
Rendering template within layouts/users
Rendering users/new
Completed in 57ms (View: 30, DB: 5) | 200 OK [http://localhost/users/new]


Processing UsersController#create (for 127.0.0.1 at 2009-12-31 10:16:29) [POST]
  Parameters: {"commit"=>"Create", "authenticity_token"=>"0adf8a60dcf74b4ba3ed1e9838c26acca6a38efa", "user"=>{"image"=>"11111111111111111.jpg"}}
  [4;35;1mSQL (0.3ms)[0m   [0mSET NAMES 'utf8'[0m
  [4;36;1mSQL (0.5ms)[0m   [0;1mSET SQL_AUTO_IS_NULL=0[0m
  [4;35;1mSQL (1.7ms)[0m   [0mSHOW TABLES[0m
  [4;36;1mUser Columns (3.8ms)[0m   [0;1mSHOW FIELDS FROM `users`[0m
  [4;35;1mSQL (1.7ms)[0m   [0mSHOW TABLES[0m
  [4;36;1mUser Columns (3.7ms)[0m   [0;1mSHOW FIELDS FROM `users`[0m


NoMethodError (undefined method `has_attached_file' for #<Class:0xb677d808>):
    /usr/lib/ruby/gems/1.8/gems/activerecord-2.2.2/lib/active_record/base.rb:1833:in `method_missing'
    /app/models/user.rb:2
    /usr/lib/ruby/gems/1.8/gems/activesupport-2.2.2/lib/active_support/dependencies.rb:382:in `load_without_new_constant_marking'
    /usr/lib/ruby/gems/1.8/gems/activesupport-2.2.2/lib/active_support/dependencies.rb:382:in `load_file'
    /usr/lib/ruby/gems/1.8/gems/activesupport-2.2.2/lib/active_support/dependencies.rb:521:in `new_constants_in'
    /usr/lib/ruby/gems/1.8/gems/activesupport-2.2.2/lib/active_support/dependencies.rb:381:in `load_file'
    /usr/lib/ruby/gems/1.8/gems/activesupport-2.2.2/lib/active_support/dependencies.rb:256:in `require_or_load'
    /usr/lib/ruby/gems/1.8/gems/activesupport-2.2.2/lib/active_support/dependencies.rb:427:in `load_missing_constant'
    /usr/lib/ruby/gems/1.8/gems/activesupport-2.2.2/lib/active_support/dependencies.rb:77:in `const_missing'
    /usr/lib/ruby/gems/1.8/gems/activesupport-2.2.2/lib/active_support/dependencies.rb:89:in `const_missing'
    /usr/lib/ruby/gems/1.8/gems/activesupport-2.2.2/lib/active_support/dependencies.rb:95:in `send'
    /usr/lib/ruby/gems/1.8/gems/activesupport-2.2.2/lib/active_support/dependencies.rb:95:in `const_missing'
    /app/controllers/users_controller.rb:43:in `create'
    /usr/lib/ruby/gems/1.8/gems/actionpack-2.2.2/lib/action_controller/base.rb:1253:in `send'
    /usr/lib/ruby/gems/1.8/gems/actionpack-2.2.2/lib/action_controller/base.rb:1253:in `perform_action_without_filters'
    /usr/lib/ruby/gems/1.8/gems/actionpack-2.2.2/lib/action_controller/filters.rb:617:in `call_filters'
    /usr/lib/ruby/gems/1.8/gems/actionpack-2.2.2/lib/action_controller/filters.rb:610:in `perform_action_without_benchmark'
    /usr/lib/ruby/gems/1.8/gems/actionpack-2.2.2/lib/action_controller/benchmarking.rb:68:in `perform_action_without_rescue'
    /usr/lib/ruby/1.8/benchmark.rb:293:in `measure'
    /usr/lib/ruby/gems/1.8/gems/actionpack-2.2.2/lib/action_controller/benchmarking.rb:68:in `perform_action_without_rescue'
    /usr/lib/ruby/gems/1.8/gems/actionpack-2.2.2/lib/action_controller/rescue.rb:136:in `perform_action_without_caching'
    /usr/lib/ruby/gems/1.8/gems/actionpack-2.2.2/lib/action_controller/caching/sql_cache.rb:13:in `perform_action'
    /usr/lib/ruby/gems/1.8/gems/activerecord-2.2.2/lib/active_record/connection_adapters/abstract/query_cache.rb:34:in `cache'
    /usr/lib/ruby/gems/1.8/gems/activerecord-2.2.2/lib/active_record/query_cache.rb:8:in `cache'
    /usr/lib/ruby/gems/1.8/gems/actionpack-2.2.2/lib/action_controller/caching/sql_cache.rb:12:in `perform_action'
    /usr/lib/ruby/gems/1.8/gems/actionpack-2.2.2/lib/action_controller/base.rb:524:in `send'
    /usr/lib/ruby/gems/1.8/gems/actionpack-2.2.2/lib/action_controller/base.rb:524:in `process_without_filters'
    /usr/lib/ruby/gems/1.8/gems/actionpack-2.2.2/lib/action_controller/filters.rb:606:in `process_without_session_management_support'
    /usr/lib/ruby/gems/1.8/gems/actionpack-2.2.2/lib/action_controller/session_management.rb:134:in `process'
    /usr/lib/ruby/gems/1.8/gems/actionpack-2.2.2/lib/action_controller/base.rb:392:in `process'
    /usr/lib/ruby/gems/1.8/gems/actionpack-2.2.2/lib/action_controller/dispatcher.rb:183:in `handle_request'
    /usr/lib/ruby/gems/1.8/gems/actionpack-2.2.2/lib/action_controller/dispatcher.rb:110:in `dispatch_unlocked'
    /usr/lib/ruby/gems/1.8/gems/actionpack-2.2.2/lib/action_controller/dispatcher.rb:123:in `dispatch'
    /usr/lib/ruby/gems/1.8/gems/actionpack-2.2.2/lib/action_controller/dispatcher.rb:122:in `synchronize'
    /usr/lib/ruby/gems/1.8/gems/actionpack-2.2.2/lib/action_controller/dispatcher.rb:122:in `dispatch'
    /usr/lib/ruby/gems/1.8/gems/actionpack-2.2.2/lib/action_controller/dispatcher.rb:132:in `dispatch_cgi'
    /usr/lib/ruby/gems/1.8/gems/actionpack-2.2.2/lib/action_controller/dispatcher.rb:39:in `dispatch'
    /usr/lib/ruby/1.8/mongrel/rails.rb:76:in `process'
    /usr/lib/ruby/1.8/mongrel/rails.rb:74:in `synchronize'
    /usr/lib/ruby/1.8/mongrel/rails.rb:74:in `process'
    /usr/lib/ruby/1.8/mongrel.rb:159:in `process_client'
    /usr/lib/ruby/1.8/mongrel.rb:158:in `each'
    /usr/lib/ruby/1.8/mongrel.rb:158:in `process_client'
    /usr/lib/ruby/1.8/mongrel.rb:285:in `run'
    /usr/lib/ruby/1.8/mongrel.rb:285:in `initialize'
    /usr/lib/ruby/1.8/mongrel.rb:285:in `new'
    /usr/lib/ruby/1.8/mongrel.rb:285:in `run'
    /usr/lib/ruby/1.8/mongrel.rb:268:in `initialize'
    /usr/lib/ruby/1.8/mongrel.rb:268:in `new'
    /usr/lib/ruby/1.8/mongrel.rb:268:in `run'
    /usr/lib/ruby/1.8/mongrel/configurator.rb:282:in `run'
    /usr/lib/ruby/1.8/mongrel/configurator.rb:281:in `each'
    /usr/lib/ruby/1.8/mongrel/configurator.rb:281:in `run'
    /usr/lib/ruby/1.8/mongrel_rails:129:in `run'
    /usr/lib/ruby/1.8/mongrel/command.rb:212:in `run'
    /usr/lib/ruby/1.8/mongrel_rails:282
    /usr/lib/ruby/gems/1.8/gems/activesupport-2.2.2/lib/active_support/dependencies.rb:142:in `load_without_new_constant_marking'
    /usr/lib/ruby/gems/1.8/gems/activesupport-2.2.2/lib/active_support/dependencies.rb:142:in `load'
    /usr/lib/ruby/gems/1.8/gems/activesupport-2.2.2/lib/active_support/dependencies.rb:521:in `new_constants_in'
    /usr/lib/ruby/gems/1.8/gems/activesupport-2.2.2/lib/active_support/dependencies.rb:142:in `load'
    /usr/lib/ruby/gems/1.8/gems/rails-2.2.2/lib/commands/servers/mongrel.rb:64
    /usr/local/lib/site_ruby/1.8/rubygems/custom_require.rb:31:in `gem_original_require'
    /usr/local/lib/site_ruby/1.8/rubygems/custom_require.rb:31:in `require'
    /usr/lib/ruby/gems/1.8/gems/activesupport-2.2.2/lib/active_support/dependencies.rb:153:in `require'
    /usr/lib/ruby/gems/1.8/gems/activesupport-2.2.2/lib/active_support/dependencies.rb:521:in `new_constants_in'
    /usr/lib/ruby/gems/1.8/gems/activesupport-2.2.2/lib/active_support/dependencies.rb:153:in `require'
    /usr/lib/ruby/gems/1.8/gems/rails-2.2.2/lib/commands/server.rb:49
    /usr/local/lib/site_ruby/1.8/rubygems/custom_require.rb:31:in `gem_original_require'
    /usr/local/lib/site_ruby/1.8/rubygems/custom_require.rb:31:in `require'
    ./script/server:3

Rendered /usr/lib/ruby/gems/1.8/gems/actionpack-2.2.2/lib/action_controller/templates/rescues/_trace (114.2ms)
Rendered /usr/lib/ruby/gems/1.8/gems/actionpack-2.2.2/lib/action_controller/templates/rescues/_request_and_response (3.1ms)
Rendering /usr/lib/ruby/gems/1.8/gems/actionpack-2.2.2/lib/action_controller/templates/rescues/layout.erb (internal_server_error)


Processing Rails::InfoController#properties (for 127.0.0.1 at 2009-12-31 10:18:21) [GET]
  [4;36;1mSQL (0.6ms)[0m   [0;1mSET NAMES 'utf8'[0m
  [4;35;1mSQL (0.4ms)[0m   [0mSET SQL_AUTO_IS_NULL=0[0m
  [4;36;1mSQL (1.0ms)[0m   [0;1mSHOW TABLES[0m
  [4;35;1mSQL (0.4ms)[0m   [0mSELECT version FROM schema_migrations[0m
Completed in 55ms (View: 4, DB: 2) | 200 OK [http://localhost/rails/info/properties]


Processing UsersController#new (for 127.0.0.1 at 2009-12-31 10:18:29) [GET]
  [4;36;1mSQL (0.3ms)[0m   [0;1mSET NAMES 'utf8'[0m
  [4;35;1mSQL (0.4ms)[0m   [0mSET SQL_AUTO_IS_NULL=0[0m
  [4;36;1mSQL (1.7ms)[0m   [0;1mSHOW TABLES[0m
  [4;35;1mUser Columns (3.8ms)[0m   [0mSHOW FIELDS FROM `users`[0m
  [4;36;1mSQL (1.0ms)[0m   [0;1mSHOW TABLES[0m
  [4;35;1mUser Columns (3.6ms)[0m   [0mSHOW FIELDS FROM `users`[0m


NoMethodError (undefined method `has_attached_file' for #<Class:0xb6871bc4>):
    /usr/lib/ruby/gems/1.8/gems/activerecord-2.2.2/lib/active_record/base.rb:1833:in `method_missing'
    /app/models/user.rb:2
    /usr/lib/ruby/gems/1.8/gems/activesupport-2.2.2/lib/active_support/dependencies.rb:382:in `load_without_new_constant_marking'
    /usr/lib/ruby/gems/1.8/gems/activesupport-2.2.2/lib/active_support/dependencies.rb:382:in `load_file'
    /usr/lib/ruby/gems/1.8/gems/activesupport-2.2.2/lib/active_support/dependencies.rb:521:in `new_constants_in'
    /usr/lib/ruby/gems/1.8/gems/activesupport-2.2.2/lib/active_support/dependencies.rb:381:in `load_file'
    /usr/lib/ruby/gems/1.8/gems/activesupport-2.2.2/lib/active_support/dependencies.rb:256:in `require_or_load'
    /usr/lib/ruby/gems/1.8/gems/activesupport-2.2.2/lib/active_support/dependencies.rb:427:in `load_missing_constant'
    /usr/lib/ruby/gems/1.8/gems/activesupport-2.2.2/lib/active_support/dependencies.rb:77:in `const_missing'
    /usr/lib/ruby/gems/1.8/gems/activesupport-2.2.2/lib/active_support/dependencies.rb:89:in `const_missing'
    /usr/lib/ruby/gems/1.8/gems/activesupport-2.2.2/lib/active_support/dependencies.rb:95:in `send'
    /usr/lib/ruby/gems/1.8/gems/activesupport-2.2.2/lib/active_support/dependencies.rb:95:in `const_missing'
    /app/controllers/users_controller.rb:27:in `new'
    /usr/lib/ruby/gems/1.8/gems/actionpack-2.2.2/lib/action_controller/base.rb:1253:in `send'
    /usr/lib/ruby/gems/1.8/gems/actionpack-2.2.2/lib/action_controller/base.rb:1253:in `perform_action_without_filters'
    /usr/lib/ruby/gems/1.8/gems/actionpack-2.2.2/lib/action_controller/filters.rb:617:in `call_filters'
    /usr/lib/ruby/gems/1.8/gems/actionpack-2.2.2/lib/action_controller/filters.rb:610:in `perform_action_without_benchmark'
    /usr/lib/ruby/gems/1.8/gems/actionpack-2.2.2/lib/action_controller/benchmarking.rb:68:in `perform_action_without_rescue'
    /usr/lib/ruby/1.8/benchmark.rb:293:in `measure'
    /usr/lib/ruby/gems/1.8/gems/actionpack-2.2.2/lib/action_controller/benchmarking.rb:68:in `perform_action_without_rescue'
    /usr/lib/ruby/gems/1.8/gems/actionpack-2.2.2/lib/action_controller/rescue.rb:136:in `perform_action_without_caching'
    /usr/lib/ruby/gems/1.8/gems/actionpack-2.2.2/lib/action_controller/caching/sql_cache.rb:13:in `perform_action'
    /usr/lib/ruby/gems/1.8/gems/activerecord-2.2.2/lib/active_record/connection_adapters/abstract/query_cache.rb:34:in `cache'
    /usr/lib/ruby/gems/1.8/gems/activerecord-2.2.2/lib/active_record/query_cache.rb:8:in `cache'
    /usr/lib/ruby/gems/1.8/gems/actionpack-2.2.2/lib/action_controller/caching/sql_cache.rb:12:in `perform_action'
    /usr/lib/ruby/gems/1.8/gems/actionpack-2.2.2/lib/action_controller/base.rb:524:in `send'
    /usr/lib/ruby/gems/1.8/gems/actionpack-2.2.2/lib/action_controller/base.rb:524:in `process_without_filters'
    /usr/lib/ruby/gems/1.8/gems/actionpack-2.2.2/lib/action_controller/filters.rb:606:in `process_without_session_management_support'
    /usr/lib/ruby/gems/1.8/gems/actionpack-2.2.2/lib/action_controller/session_management.rb:134:in `process'
    /usr/lib/ruby/gems/1.8/gems/actionpack-2.2.2/lib/action_controller/base.rb:392:in `process'
    /usr/lib/ruby/gems/1.8/gems/actionpack-2.2.2/lib/action_controller/dispatcher.rb:183:in `handle_request'
    /usr/lib/ruby/gems/1.8/gems/actionpack-2.2.2/lib/action_controller/dispatcher.rb:110:in `dispatch_unlocked'
    /usr/lib/ruby/gems/1.8/gems/actionpack-2.2.2/lib/action_controller/dispatcher.rb:123:in `dispatch'
    /usr/lib/ruby/gems/1.8/gems/actionpack-2.2.2/lib/action_controller/dispatcher.rb:122:in `synchronize'
    /usr/lib/ruby/gems/1.8/gems/actionpack-2.2.2/lib/action_controller/dispatcher.rb:122:in `dispatch'
    /usr/lib/ruby/gems/1.8/gems/actionpack-2.2.2/lib/action_controller/dispatcher.rb:132:in `dispatch_cgi'
    /usr/lib/ruby/gems/1.8/gems/actionpack-2.2.2/lib/action_controller/dispatcher.rb:39:in `dispatch'
    /usr/lib/ruby/1.8/mongrel/rails.rb:76:in `process'
    /usr/lib/ruby/1.8/mongrel/rails.rb:74:in `synchronize'
    /usr/lib/ruby/1.8/mongrel/rails.rb:74:in `process'
    /usr/lib/ruby/1.8/mongrel.rb:159:in `process_client'
    /usr/lib/ruby/1.8/mongrel.rb:158:in `each'
    /usr/lib/ruby/1.8/mongrel.rb:158:in `process_client'
    /usr/lib/ruby/1.8/mongrel.rb:285:in `run'
    /usr/lib/ruby/1.8/mongrel.rb:285:in `initialize'
    /usr/lib/ruby/1.8/mongrel.rb:285:in `new'
    /usr/lib/ruby/1.8/mongrel.rb:285:in `run'
    /usr/lib/ruby/1.8/mongrel.rb:268:in `initialize'
    /usr/lib/ruby/1.8/mongrel.rb:268:in `new'
    /usr/lib/ruby/1.8/mongrel.rb:268:in `run'
    /usr/lib/ruby/1.8/mongrel/configurator.rb:282:in `run'
    /usr/lib/ruby/1.8/mongrel/configurator.rb:281:in `each'
    /usr/lib/ruby/1.8/mongrel/configurator.rb:281:in `run'
    /usr/lib/ruby/1.8/mongrel_rails:129:in `run'
    /usr/lib/ruby/1.8/mongrel/command.rb:212:in `run'
    /usr/lib/ruby/1.8/mongrel_rails:282
    /usr/lib/ruby/gems/1.8/gems/activesupport-2.2.2/lib/active_support/dependencies.rb:142:in `load_without_new_constant_marking'
    /usr/lib/ruby/gems/1.8/gems/activesupport-2.2.2/lib/active_support/dependencies.rb:142:in `load'
    /usr/lib/ruby/gems/1.8/gems/activesupport-2.2.2/lib/active_support/dependencies.rb:521:in `new_constants_in'
    /usr/lib/ruby/gems/1.8/gems/activesupport-2.2.2/lib/active_support/dependencies.rb:142:in `load'
    /usr/lib/ruby/gems/1.8/gems/rails-2.2.2/lib/commands/servers/mongrel.rb:64
    /usr/local/lib/site_ruby/1.8/rubygems/custom_require.rb:31:in `gem_original_require'
    /usr/local/lib/site_ruby/1.8/rubygems/custom_require.rb:31:in `require'
    /usr/lib/ruby/gems/1.8/gems/activesupport-2.2.2/lib/active_support/dependencies.rb:153:in `require'
    /usr/lib/ruby/gems/1.8/gems/activesupport-2.2.2/lib/active_support/dependencies.rb:521:in `new_constants_in'
    /usr/lib/ruby/gems/1.8/gems/activesupport-2.2.2/lib/active_support/dependencies.rb:153:in `require'
    /usr/lib/ruby/gems/1.8/gems/rails-2.2.2/lib/commands/server.rb:49
    /usr/local/lib/site_ruby/1.8/rubygems/custom_require.rb:31:in `gem_original_require'
    /usr/local/lib/site_ruby/1.8/rubygems/custom_require.rb:31:in `require'
    ./script/server:3

Rendered /usr/lib/ruby/gems/1.8/gems/actionpack-2.2.2/lib/action_controller/templates/rescues/_trace (136.7ms)
Rendered /usr/lib/ruby/gems/1.8/gems/actionpack-2.2.2/lib/action_controller/templates/rescues/_request_and_response (2.8ms)
Rendering /usr/lib/ruby/gems/1.8/gems/actionpack-2.2.2/lib/action_controller/templates/rescues/layout.erb (internal_server_error)
